nohup: ignoring input
[[1;34mINFO[m] Scanning for projects...
[[1;34mINFO[m] 
[[1;34mINFO[m] [1m----------------< [0;36mcom.workspace:workspace-app-backend[0;1m >-----------------[m
[[1;34mINFO[m] [1mBuilding Workspace App Backend 1.0.0[m
[[1;34mINFO[m]   from pom.xml
[[1;34mINFO[m] [1m--------------------------------[ jar ]---------------------------------[m
[[1;34mINFO[m] 
[[1;34mINFO[m] [1m>>> [0;32mspring-boot:3.1.0:run[m [1m(default-cli)[0;1m > [0;1mtest-compile[m @ [36mworkspace-app-backend[0;1m >>>[m
[[1;34mINFO[m] 
[[1;34mINFO[m] [1m--- [0;32mresources:3.3.1:resources[m [1m(default-resources)[m @ [36mworkspace-app-backend[0;1m ---[m
[[1;34mINFO[m] Copying 1 resource from src/main/resources to target/classes
[[1;34mINFO[m] Copying 0 resource from src/main/resources to target/classes
[[1;34mINFO[m] 
[[1;34mINFO[m] [1m--- [0;32mcompiler:3.11.0:compile[m [1m(default-compile)[m @ [36mworkspace-app-backend[0;1m ---[m
[[1;34mINFO[m] Nothing to compile - all classes are up to date
[[1;34mINFO[m] 
[[1;34mINFO[m] [1m--- [0;32mresources:3.3.1:testResources[m [1m(default-testResources)[m @ [36mworkspace-app-backend[0;1m ---[m
[[1;34mINFO[m] skip non existing resourceDirectory /home/samarth/Desktop/WorkSpace/workspace-app/backend/src/test/resources
[[1;34mINFO[m] 
[[1;34mINFO[m] [1m--- [0;32mcompiler:3.11.0:testCompile[m [1m(default-testCompile)[m @ [36mworkspace-app-backend[0;1m ---[m
[[1;34mINFO[m] Nothing to compile - all classes are up to date
[[1;34mINFO[m] 
[[1;34mINFO[m] [1m<<< [0;32mspring-boot:3.1.0:run[m [1m(default-cli)[0;1m < [0;1mtest-compile[m @ [36mworkspace-app-backend[0;1m <<<[m
[[1;34mINFO[m] 
[[1;34mINFO[m] 
[[1;34mINFO[m] [1m--- [0;32mspring-boot:3.1.0:run[m [1m(default-cli)[m @ [36mworkspace-app-backend[0;1m ---[m
[[1;34mINFO[m] Attaching agents: []

  .   ____          _            __ _ _
 /\\ / ___'_ __ _ _(_)_ __  __ _ \ \ \ \
( ( )\___ | '_ | '_| | '_ \/ _` | \ \ \ \
 \\/  ___)| |_)| | | | | || (_| |  ) ) ) )
  '  |____| .__|_| |_|_| |_\__, | / / / /
 =========|_|==============|___/=/_/_/_/
 :: Spring Boot ::                (v3.1.0)

2025-08-15T18:24:16.844+05:30  INFO 20145 --- [  restartedMain] c.workspace.app.WorkspaceAppApplication  : Starting WorkspaceAppApplication using Java 21.0.8 with PID 20145 (/home/samarth/Desktop/WorkSpace/workspace-app/backend/target/classes started by samarth in /home/samarth/Desktop/WorkSpace/workspace-app/backend)
2025-08-15T18:24:16.845+05:30 DEBUG 20145 --- [  restartedMain] c.workspace.app.WorkspaceAppApplication  : Running with Spring Boot v3.1.0, Spring v6.0.9
2025-08-15T18:24:16.846+05:30  INFO 20145 --- [  restartedMain] c.workspace.app.WorkspaceAppApplication  : No active profile set, falling back to 1 default profile: "default"
2025-08-15T18:24:16.880+05:30  INFO 20145 --- [  restartedMain] .e.DevToolsPropertyDefaultsPostProcessor : Devtools property defaults active! Set 'spring.devtools.add-properties' to 'false' to disable
2025-08-15T18:24:16.880+05:30  INFO 20145 --- [  restartedMain] .e.DevToolsPropertyDefaultsPostProcessor : For additional web related logging consider setting the 'logging.level.web' property to 'DEBUG'
2025-08-15T18:24:17.271+05:30  INFO 20145 --- [  restartedMain] .s.d.r.c.RepositoryConfigurationDelegate : Bootstrapping Spring Data MongoDB repositories in DEFAULT mode.
2025-08-15T18:24:17.323+05:30  INFO 20145 --- [  restartedMain] .s.d.r.c.RepositoryConfigurationDelegate : Finished Spring Data repository scanning in 49 ms. Found 6 MongoDB repository interfaces.
2025-08-15T18:24:18.058+05:30  INFO 20145 --- [  restartedMain] o.s.b.w.embedded.tomcat.TomcatWebServer  : Tomcat initialized with port(s): 8080 (http)
2025-08-15T18:24:18.064+05:30  INFO 20145 --- [  restartedMain] o.apache.catalina.core.StandardService   : Starting service [Tomcat]
2025-08-15T18:24:18.065+05:30  INFO 20145 --- [  restartedMain] o.apache.catalina.core.StandardEngine    : Starting Servlet engine: [Apache Tomcat/10.1.8]
2025-08-15T18:24:18.096+05:30  INFO 20145 --- [  restartedMain] o.a.c.c.C.[Tomcat].[localhost].[/api]    : Initializing Spring embedded WebApplicationContext
2025-08-15T18:24:18.097+05:30  INFO 20145 --- [  restartedMain] w.s.c.ServletWebServerApplicationContext : Root WebApplicationContext: initialization completed in 1216 ms
2025-08-15T18:24:18.140+05:30 DEBUG 20145 --- [  restartedMain] c.w.a.security.JwtAuthenticationFilter   : Filter 'jwtAuthenticationFilter' configured for use
2025-08-15T18:24:18.269+05:30  INFO 20145 --- [  restartedMain] org.mongodb.driver.client                : MongoClient with metadata {"driver": {"name": "mongo-java-driver|sync|spring-boot", "version": "4.9.1"}, "os": {"type": "Linux", "name": "Linux", "architecture": "amd64", "version": "6.14.0-27-generic"}, "platform": "Java/Ubuntu/21.0.8+9-Ubuntu-0ubuntu125.04.1", "application": {"name": "Cluster0"}} created with settings MongoClientSettings{readPreference=primary, writeConcern=WriteConcern{w=majority, wTimeout=null ms, journal=null}, retryWrites=true, retryReads=true, readConcern=ReadConcern{level=null}, credential=MongoCredential{mechanism=null, userName='palsamarth9', source='admin', password=<hidden>, mechanismProperties=<hidden>}, streamFactoryFactory=null, commandListeners=[], codecRegistry=ProvidersCodecRegistry{codecProviders=[ValueCodecProvider{}, BsonValueCodecProvider{}, DBRefCodecProvider{}, DBObjectCodecProvider{}, DocumentCodecProvider{}, CollectionCodecProvider{}, IterableCodecProvider{}, MapCodecProvider{}, GeoJsonCodecProvider{}, GridFSFileCodecProvider{}, Jsr310CodecProvider{}, JsonObjectCodecProvider{}, BsonCodecProvider{}, EnumCodecProvider{}, com.mongodb.client.model.mql.ExpressionCodecProvider@89cc425, com.mongodb.Jep395RecordCodecProvider@1abb3c0e]}, loggerSettings=LoggerSettings{maxDocumentLength=1000}, clusterSettings={hosts=[127.0.0.1:27017], srvHost=cluster0.4yyhdbj.mongodb.net, srvServiceName=mongodb, mode=MULTIPLE, requiredClusterType=REPLICA_SET, requiredReplicaSetName='atlas-ujfils-shard-0', serverSelector='null', clusterListeners='[]', serverSelectionTimeout='30000 ms', localThreshold='30000 ms'}, socketSettings=SocketSettings{connectTimeoutMS=10000, readTimeoutMS=0, receiveBufferSize=0, sendBufferSize=0}, heartbeatSocketSettings=SocketSettings{connectTimeoutMS=10000, readTimeoutMS=10000, receiveBufferSize=0, sendBufferSize=0}, connectionPoolSettings=ConnectionPoolSettings{maxSize=100, minSize=0, maxWaitTimeMS=120000, maxConnectionLifeTimeMS=0, maxConnectionIdleTimeMS=0, maintenanceInitialDelayMS=0, maintenanceFrequencyMS=60000, connectionPoolListeners=[], maxConnecting=2}, serverSettings=ServerSettings{heartbeatFrequencyMS=10000, minHeartbeatFrequencyMS=500, serverListeners='[]', serverMonitorListeners='[]'}, sslSettings=SslSettings{enabled=true, invalidHostNameAllowed=false, context=null}, applicationName='Cluster0', compressorList=[], uuidRepresentation=JAVA_LEGACY, serverApi=null, autoEncryptionSettings=null, contextProvider=null}
2025-08-15T18:24:18.369+05:30  INFO 20145 --- [dbj.mongodb.net] org.mongodb.driver.cluster               : Adding discovered server ac-yttvsoq-shard-00-02.4yyhdbj.mongodb.net:27017 to client view of cluster
2025-08-15T18:24:18.381+05:30  WARN 20145 --- [  restartedMain] o.s.b.d.a.OptionalLiveReloadServer       : Unable to start LiveReload server
2025-08-15T18:24:18.385+05:30  INFO 20145 --- [dbj.mongodb.net] org.mongodb.driver.cluster               : Adding discovered server ac-yttvsoq-shard-00-00.4yyhdbj.mongodb.net:27017 to client view of cluster
2025-08-15T18:24:18.386+05:30  INFO 20145 --- [dbj.mongodb.net] org.mongodb.driver.cluster               : Adding discovered server ac-yttvsoq-shard-00-01.4yyhdbj.mongodb.net:27017 to client view of cluster
2025-08-15T18:24:18.659+05:30  WARN 20145 --- [  restartedMain] .s.s.UserDetailsServiceAutoConfiguration : 

Using generated security password: 594e1dc3-2a05-4c1f-b6b9-09ab6d28219d

This generated password is for development use only. Your security configuration must be updated before running your application in production.

2025-08-15T18:24:18.851+05:30  INFO 20145 --- [  restartedMain] o.s.s.web.DefaultSecurityFilterChain     : Will secure any request with [org.springframework.security.web.session.DisableEncodeUrlFilter@65bea4a0, org.springframework.security.web.context.request.async.WebAsyncManagerIntegrationFilter@1650af61, org.springframework.security.web.context.SecurityContextHolderFilter@42ea1ccb, org.springframework.security.web.header.HeaderWriterFilter@61c28be9, org.springframework.web.filter.CorsFilter@745688ee, org.springframework.security.web.authentication.logout.LogoutFilter@55dfac16, com.workspace.app.security.JwtAuthenticationFilter@48766e8c, org.springframework.security.web.savedrequest.RequestCacheAwareFilter@60941804, org.springframework.security.web.servletapi.SecurityContextHolderAwareRequestFilter@463bc0c, org.springframework.security.web.authentication.AnonymousAuthenticationFilter@702ac262, org.springframework.security.web.session.SessionManagementFilter@e737b55, org.springframework.security.web.access.ExceptionTranslationFilter@5ee02f03, org.springframework.security.web.access.intercept.AuthorizationFilter@244afaec]
2025-08-15T18:24:18.938+05:30  INFO 20145 --- [ngodb.net:27017] org.mongodb.driver.cluster               : Monitor thread successfully connected to server with description ServerDescription{address=ac-yttvsoq-shard-00-01.4yyhdbj.mongodb.net:27017, type=REPLICA_SET_PRIMARY, state=CONNECTED, ok=true, minWireVersion=0, maxWireVersion=25, maxDocumentSize=16777216, logicalSessionTimeoutMinutes=30, roundTripTimeNanos=213294928, setName='atlas-ujfils-shard-0', canonicalAddress=ac-yttvsoq-shard-00-01.4yyhdbj.mongodb.net:27017, hosts=[ac-yttvsoq-shard-00-02.4yyhdbj.mongodb.net:27017, ac-yttvsoq-shard-00-00.4yyhdbj.mongodb.net:27017, ac-yttvsoq-shard-00-01.4yyhdbj.mongodb.net:27017], passives=[], arbiters=[], primary='ac-yttvsoq-shard-00-01.4yyhdbj.mongodb.net:27017', tagSet=TagSet{[Tag{name='availabilityZone', value='aps1-az3'}, Tag{name='diskState', value='READY'}, Tag{name='nodeType', value='ELECTABLE'}, Tag{name='provider', value='AWS'}, Tag{name='region', value='AP_SOUTH_1'}, Tag{name='workloadType', value='OPERATIONAL'}]}, electionId=7fffffff000000000000013b, setVersion=358, topologyVersion=TopologyVersion{processId=689c2d96f1d69b608c426c1c, counter=9}, lastWriteDate=Fri Aug 15 18:24:18 IST 2025, lastUpdateTimeNanos=1952266175852}
2025-08-15T18:24:18.938+05:30  INFO 20145 --- [ngodb.net:27017] org.mongodb.driver.cluster               : Monitor thread successfully connected to server with description ServerDescription{address=ac-yttvsoq-shard-00-00.4yyhdbj.mongodb.net:27017, type=REPLICA_SET_SECONDARY, state=CONNECTED, ok=true, minWireVersion=0, maxWireVersion=25, maxDocumentSize=16777216, logicalSessionTimeoutMinutes=30, roundTripTimeNanos=132559747, setName='atlas-ujfils-shard-0', canonicalAddress=ac-yttvsoq-shard-00-00.4yyhdbj.mongodb.net:27017, hosts=[ac-yttvsoq-shard-00-02.4yyhdbj.mongodb.net:27017, ac-yttvsoq-shard-00-00.4yyhdbj.mongodb.net:27017, ac-yttvsoq-shard-00-01.4yyhdbj.mongodb.net:27017], passives=[], arbiters=[], primary='ac-yttvsoq-shard-00-01.4yyhdbj.mongodb.net:27017', tagSet=TagSet{[Tag{name='availabilityZone', value='aps1-az1'}, Tag{name='diskState', value='READY'}, Tag{name='nodeType', value='ELECTABLE'}, Tag{name='provider', value='AWS'}, Tag{name='region', value='AP_SOUTH_1'}, Tag{name='workloadType', value='OPERATIONAL'}]}, electionId=null, setVersion=358, topologyVersion=TopologyVersion{processId=689c2e4b91469a46a34fdbd3, counter=5}, lastWriteDate=Fri Aug 15 18:24:18 IST 2025, lastUpdateTimeNanos=1952266248292}
2025-08-15T18:24:18.938+05:30  INFO 20145 --- [ngodb.net:27017] org.mongodb.driver.cluster               : Monitor thread successfully connected to server with description ServerDescription{address=ac-yttvsoq-shard-00-02.4yyhdbj.mongodb.net:27017, type=REPLICA_SET_SECONDARY, state=CONNECTED, ok=true, minWireVersion=0, maxWireVersion=25, maxDocumentSize=16777216, logicalSessionTimeoutMinutes=30, roundTripTimeNanos=258751133, setName='atlas-ujfils-shard-0', canonicalAddress=ac-yttvsoq-shard-00-02.4yyhdbj.mongodb.net:27017, hosts=[ac-yttvsoq-shard-00-02.4yyhdbj.mongodb.net:27017, ac-yttvsoq-shard-00-00.4yyhdbj.mongodb.net:27017, ac-yttvsoq-shard-00-01.4yyhdbj.mongodb.net:27017], passives=[], arbiters=[], primary='ac-yttvsoq-shard-00-01.4yyhdbj.mongodb.net:27017', tagSet=TagSet{[Tag{name='availabilityZone', value='aps1-az2'}, Tag{name='diskState', value='READY'}, Tag{name='nodeType', value='ELECTABLE'}, Tag{name='provider', value='AWS'}, Tag{name='region', value='AP_SOUTH_1'}, Tag{name='workloadType', value='OPERATIONAL'}]}, electionId=null, setVersion=358, topologyVersion=TopologyVersion{processId=689c2fb7bf6c4b9a488eaf24, counter=5}, lastWriteDate=Fri Aug 15 18:24:18 IST 2025, lastUpdateTimeNanos=1952266181686}
2025-08-15T18:24:18.940+05:30  INFO 20145 --- [ngodb.net:27017] org.mongodb.driver.cluster               : Discovered replica set primary ac-yttvsoq-shard-00-01.4yyhdbj.mongodb.net:27017 with max election id 7fffffff000000000000013b and max set version 358
2025-08-15T18:24:19.001+05:30  WARN 20145 --- [  restartedMain] ConfigServletWebServerApplicationContext : Exception encountered during context initialization - cancelling refresh attempt: org.springframework.context.ApplicationContextException: Failed to start bean 'webServerStartStop'
2025-08-15T18:24:19.127+05:30  INFO 20145 --- [  restartedMain] o.apache.catalina.core.StandardService   : Stopping service [Tomcat]
2025-08-15T18:24:19.161+05:30  INFO 20145 --- [  restartedMain] .s.b.a.l.ConditionEvaluationReportLogger : 

Error starting ApplicationContext. To display the condition evaluation report re-run your application with 'debug' enabled.
2025-08-15T18:24:19.214+05:30 ERROR 20145 --- [  restartedMain] o.s.b.d.LoggingFailureAnalysisReporter   : 

***************************
APPLICATION FAILED TO START
***************************

Description:

Web server failed to start. Port 8080 was already in use.

Action:

Identify and stop the process that's listening on port 8080 or configure this application to listen on another port.

[[1;34mINFO[m] [1m------------------------------------------------------------------------[m
[[1;34mINFO[m] [1;32mBUILD SUCCESS[m
[[1;34mINFO[m] [1m------------------------------------------------------------------------[m
[[1;34mINFO[m] Total time:  4.761 s
[[1;34mINFO[m] Finished at: 2025-08-15T18:24:19+05:30
[[1;34mINFO[m] [1m------------------------------------------------------------------------[m
